{"name": "test_login", "status": "failed", "statusDetails": {"message": "AssertionError: error", "trace": "index_page = <pom.index_page.IndexPage object at 0x000002C7298AE4A0>\n\n    @allure.severity(allure.severity_level.BLOCKER)\n    @allure.description(\"testing successful log in \")\n    @allure.label(\"owner\", \"Oleg\")\n    @pytest.mark.ui\n    def test_login(index_page):\n        with allure.step(\"input valid username\"):\n            index_page.input_username()\n        with allure.step(\"input valid pass\"):\n            index_page.input_password()\n        with allure.step(\"press submit button\"):\n            index_page.press_login_btn()\n        with allure.step(\"validate page title text\"):\n>           index_page.assertion_products()\n\ntests\\test_index_page.py:18: \n_ _ _ _ _ _ _ _ _ _ _ _ _ _ _ _ _ _ _ _ _ _ _ _ _ _ _ _ _ _ _ _ _ _ _ _ _ _ _ _ _ _ _ _ _ _ _ _ _ _ _ _ _ _ _ _ _ _ _ _ _ _ _ _ _ _ _ _ _ _ _ _ _ _ _ _\npom\\index_page.py:23: in assertion_products\n    self.is_equal(expected_result,actual_results)\n_ _ _ _ _ _ _ _ _ _ _ _ _ _ _ _ _ _ _ _ _ _ _ _ _ _ _ _ _ _ _ _ _ _ _ _ _ _ _ _ _ _ _ _ _ _ _ _ _ _ _ _ _ _ _ _ _ _ _ _ _ _ _ _ _ _ _ _ _ _ _ _ _ _ _ _\n\nself = <pom.index_page.IndexPage object at 0x000002C7298AE4A0>, expected = 'PRODUCTSSS', actual = 'PRODUCTS'\n\n    def is_equal(self, expected, actual):\n>       assert expected==actual, \"error\"\nE       AssertionError: error\n\nbase\\base_object.py:40: AssertionError"}, "description": "testing successful log in ", "steps": [{"name": "input valid username", "status": "passed", "start": 1665519803484, "stop": 1665519803915}, {"name": "input valid pass", "status": "passed", "start": 1665519803915, "stop": 1665519804055}, {"name": "press submit button", "status": "passed", "start": 1665519804055, "stop": 1665519804205}, {"name": "validate page title text", "status": "failed", "statusDetails": {"message": "AssertionError: error\n", "trace": "  File \"C:\\Users\\Oleg.Dzyadovich\\PycharmProjects\\web_automation\\tests\\test_index_page.py\", line 18, in test_login\n    index_page.assertion_products()\n  File \"C:\\Users\\Oleg.Dzyadovich\\PycharmProjects\\web_automation\\pom\\index_page.py\", line 23, in assertion_products\n    self.is_equal(expected_result,actual_results)\n  File \"C:\\Users\\Oleg.Dzyadovich\\PycharmProjects\\web_automation\\base\\base_object.py\", line 40, in is_equal\n    assert expected==actual, \"error\"\n"}, "start": 1665519804205, "stop": 1665519804309}], "start": 1665519803484, "stop": 1665519804310, "uuid": "67193dcf-8864-41c8-adfd-6a73e93f7710", "historyId": "b87f5467554d70365a0af541ee685911", "testCaseId": "934a251c80a6d801a794a279d21cd912", "fullName": "tests.test_index_page#test_login", "labels": [{"name": "severity", "value": "blocker"}, {"name": "owner", "value": "Oleg"}, {"name": "tag", "value": "ui"}, {"name": "parentSuite", "value": "tests"}, {"name": "suite", "value": "test_index_page"}, {"name": "host", "value": "BSI-US-GN72JR3"}, {"name": "thread", "value": "3712-MainThread"}, {"name": "framework", "value": "pytest"}, {"name": "language", "value": "cpython3"}, {"name": "package", "value": "tests.test_index_page"}]}